<?xml version="1.0" encoding="UTF-8"?>
<!-- Generated by org.testng.reporters.JUnitReportReporter -->
<testsuite hostname="azharkadri-HP-Laptop-15-bs0xx" failures="0" tests="1" name="interviewQuestions.FirstCharacterOfString" time="0.014" errors="0" timestamp="2020-01-29T11:30:53 IST" skipped="0">
  <testcase classname="interviewQuestions.FirstCharacterOfString" name="TestFirstCharacterOfString" time="0.014"/>
</testsuite> <!-- interviewQuestions.FirstCharacterOfString -->
