<?xml version="1.0" encoding="UTF-8"?>
<!-- Generated by org.testng.reporters.JUnitReportReporter -->
<testsuite hostname="azharkadri-HP-Laptop-15-bs0xx" failures="0" tests="1" name="com.qa.dms.Test_toCheckCompatibility.TestCompatibility" time="19.099" errors="0" timestamp="2020-01-25T16:55:18 IST" skipped="0">
  <testcase classname="com.qa.dms.Test_toCheckCompatibility.TestCompatibility" name="test1" time="19.099"/>
</testsuite> <!-- com.qa.dms.Test_toCheckCompatibility.TestCompatibility -->
