<?xml version="1.0" encoding="UTF-8"?>
<!-- Generated by org.testng.reporters.JUnitReportReporter -->
<testsuite hostname="azharkadri-HP-Laptop-15-bs0xx" failures="0" tests="1" name="gmail.SignUp" time="14.150" errors="0" timestamp="2019-12-19T11:50:29 IST" skipped="0">
  <testcase classname="gmail.SignUp" name="createGMailAccount" time="14.150"/>
</testsuite> <!-- gmail.SignUp -->
